{"name": "test_a", "status": "failed", "statusDetails": {"message": "AssertionError: assert False", "trace": "def test_a():\n>       assert False\nE       assert False\n\ntest_xdist_8_5.py:17: AssertionError"}, "start": 1622774488681, "stop": 1622774488681, "uuid": "2527a174-41db-4454-a2eb-4c1d34f948f4", "historyId": "e3cefc9e459e6426e015949d184b7a92", "testCaseId": "30e26486ef89eb0aab177cb8c3e73fbc", "fullName": "test_xdist_8_5#test_a", "labels": [{"name": "suite", "value": "test_xdist_8_5"}, {"name": "host", "value": "warronMacBook-Pro.local"}, {"name": "thread", "value": "56624-MainThread"}, {"name": "framework", "value": "pytest"}, {"name": "language", "value": "cpython3"}, {"name": "package", "value": "test_xdist_8_5"}]}