{"name": "test_add_float[精度失真]", "status": "failed", "statusDetails": {"message": "AssertionError: assert 0.3 == 0.30000000000000004", "trace": "self = <test_calculator_3_2_practice.TestCalc object at 0x105fee710>, a = 0.1\nb = 0.2, result = 0.3\n\n    @pytest.mark.parametrize(\"a, b, result\", add_float_data[0], ids=add_float_data[1])\n    def test_add_float(self, a, b, result):\n        print(f\"a={a}, b={b}, result={result}\")\n>       assert result == self.calc.add(a, b)\nE       assert 0.3 == 0.30000000000000004\n\ntest_calculator_3_2_practice.py:59: AssertionError"}, "parameters": [{"name": "a", "value": "0.1"}, {"name": "b", "value": "0.2"}, {"name": "result", "value": "0.3"}], "start": 1622427708210, "stop": 1622427708211, "uuid": "1caf06ec-156d-4568-8e15-700c4a3b93cb", "historyId": "84d9d6f02cd873f3641014834e8e37e1", "testCaseId": "7ab0bf87f48436fa42aceb5c81c5855a", "fullName": "test_calculator_3_2_practice.TestCalc#test_add_float", "labels": [{"name": "suite", "value": "test_calculator_3_2_practice"}, {"name": "subSuite", "value": "TestCalc"}, {"name": "host", "value": "warronMacBook-Pro.local"}, {"name": "thread", "value": "16402-MainThread"}, {"name": "framework", "value": "pytest"}, {"name": "language", "value": "cpython3"}, {"name": "package", "value": "test_calculator_3_2_practice"}]}