{"name": "test_rerun", "status": "failed", "statusDetails": {"message": "AssertionError: assert 1 == 2\n  +1\n  -2", "trace": "@pytest.mark.flaky(reruns=5, reruns_delay=2)\n    def test_rerun():\n>       assert 1 == 2\nE       assert 1 == 2\nE         +1\nE         -2\n\ntest_rerun.py:20: AssertionError"}, "start": 1622720521204, "stop": 1622720521204, "uuid": "504f0468-2798-476e-bdc9-3b034dd6beb8", "historyId": "47c35f179f4b9f2c17e761a436dbbee0", "testCaseId": "558bc7562212911663d26c2ca57bd815", "fullName": "test_rerun#test_rerun", "labels": [{"name": "tag", "value": "flaky(reruns=5, reruns_delay=2)"}, {"name": "suite", "value": "test_rerun"}, {"name": "host", "value": "warronMacBook-Pro.local"}, {"name": "thread", "value": "29036-MainThread"}, {"name": "framework", "value": "pytest"}, {"name": "language", "value": "cpython3"}, {"name": "package", "value": "test_rerun"}]}